[debug] [2018-03-23T16:44:20.005Z] ----------------------------------------------------------------------
[debug] [2018-03-23T16:44:20.007Z] Command:       /usr/local/bin/node /usr/local/bin/firebase serve
[debug] [2018-03-23T16:44:20.007Z] CLI Version:   3.17.6
[debug] [2018-03-23T16:44:20.007Z] Platform:      darwin
[debug] [2018-03-23T16:44:20.007Z] Node Version:  v9.5.0
[debug] [2018-03-23T16:44:20.008Z] Time:          Fri Mar 23 2018 12:44:20 GMT-0400 (EDT)
[debug] [2018-03-23T16:44:20.008Z] ----------------------------------------------------------------------
[debug] 
[debug] [2018-03-23T16:44:20.031Z] > command requires scopes: ["email","openid","https://www.googleapis.com/auth/cloudplatformprojects.readonly","https://www.googleapis.com/auth/firebase","https://www.googleapis.com/auth/cloud-platform"]
[debug] [2018-03-23T16:44:20.032Z] > authorizing via signed-in user
[debug] [2018-03-23T16:44:20.034Z] > refreshing access token with scopes: ["email","https://www.googleapis.com/auth/cloud-platform","https://www.googleapis.com/auth/cloudplatformprojects.readonly","https://www.googleapis.com/auth/firebase","openid"]
[debug] [2018-03-23T16:44:20.034Z] >>> HTTP REQUEST POST https://www.googleapis.com/oauth2/v3/token  
 { refresh_token: '1/LCBJcJ1mdIniRrG9z7aTtrWorYElf7Dk00ERIj05Z4pEv7VrvyAN3PkBOV3Oo8aI',
  client_id: '563584335869-fgrhgmd47bqnekij5i8b5pr03ho849e6.apps.googleusercontent.com',
  client_secret: 'j9iVZfS8kkCEFUPaAeJV0sAi',
  grant_type: 'refresh_token',
  scope: 'email https://www.googleapis.com/auth/cloud-platform https://www.googleapis.com/auth/cloudplatformprojects.readonly https://www.googleapis.com/auth/firebase openid' } 
 Fri Mar 23 2018 12:44:20 GMT-0400 (EDT)
[debug] [2018-03-23T16:44:20.167Z] <<< HTTP RESPONSE 200
[debug] [2018-03-23T16:44:20.175Z] >>> HTTP REQUEST GET https://admin.firebase.com/v1/projects/api-boltz  
  
 Fri Mar 23 2018 12:44:20 GMT-0400 (EDT)
[debug] [2018-03-23T16:44:20.544Z] <<< HTTP RESPONSE 200
[debug] [2018-03-23T16:44:20.545Z] >>> HTTP REQUEST GET https://admin.firebase.com/v1/database/api-boltz/tokens  
  
 Fri Mar 23 2018 12:44:20 GMT-0400 (EDT)
[debug] [2018-03-23T16:44:20.977Z] <<< HTTP RESPONSE 200
[debug] [2018-03-23T16:44:20.978Z] >>> HTTP REQUEST GET https://cloudresourcemanager.googleapis.com/v1/projects/api-boltz  
  
 Fri Mar 23 2018 12:44:20 GMT-0400 (EDT)
[debug] [2018-03-23T16:44:21.285Z] <<< HTTP RESPONSE 200
[info] 
[info] === Serving from '/Users/arsalabangash/Programming/boltz-website'...
[info] 
[debug] [2018-03-23T16:44:21.287Z] >>> HTTP REQUEST GET https://mobilesdk-pa.googleapis.com/v1/projects/654548756655/clients/_:getWebAppConfig  
  
 Fri Mar 23 2018 12:44:21 GMT-0400 (EDT)
[debug] [2018-03-23T16:44:21.591Z] <<< HTTP RESPONSE 200
[info] i  hosting: Serving hosting files from: public
[info] ✔  hosting: Local server: http://localhost:5000

